2025-02-04 10:26:35,678 - INFO - Fetching Flipkart search page...
2025-02-04 10:26:36,331 - INFO - Extracting product link...
2025-02-04 10:26:36,338 - INFO - Fetching product page...
2025-02-04 10:26:37,185 - INFO - Extracting reviews...
2025-02-04 10:26:37,195 - INFO - Name not found
2025-02-04 10:26:37,195 - INFO - Rating not found
2025-02-04 10:26:37,196 - INFO - Comment heading not found
2025-02-04 10:26:37,196 - INFO - Comment not found: 'NoneType' object has no attribute 'div'
2025-02-04 10:29:53,110 - INFO - Fetching Flipkart search page...
2025-02-04 10:29:53,930 - INFO - Extracting product link...
2025-02-04 10:29:53,938 - INFO - Fetching product page...
2025-02-04 10:29:54,848 - INFO - Extracting reviews...
2025-02-04 10:29:54,859 - INFO - Name not found
2025-02-04 10:29:54,859 - INFO - Rating not found
2025-02-04 10:29:54,859 - INFO - Comment heading not found
2025-02-04 10:29:54,859 - INFO - Comment not found: 'NoneType' object has no attribute 'div'
2025-02-04 10:30:09,744 - INFO - Fetching Flipkart search page...
2025-02-04 10:30:10,859 - INFO - Extracting product link...
2025-02-04 10:30:10,862 - INFO - Fetching product page...
2025-02-04 10:30:11,581 - INFO - Extracting reviews...
2025-02-04 10:30:11,596 - INFO - Name not found
2025-02-04 10:30:11,596 - INFO - Rating not found
2025-02-04 10:30:11,596 - INFO - Comment heading not found
2025-02-04 10:30:11,596 - INFO - Comment not found: 'NoneType' object has no attribute 'div'
